2023-06-17T04:28:21.849+02:00  INFO 11682 --- [main] com.example.IBTim19.IbTim19Application   : Starting IbTim19Application using Java 19.0.2 with PID 11682 (/Users/tamaradzambic/Desktop/IB-Tim19/IBTim19/target/classes started by tamaradzambic in /Users/tamaradzambic/Desktop/IB-Tim19/IBTim19)
2023-06-17T04:28:21.850+02:00  INFO 11682 --- [main] com.example.IBTim19.IbTim19Application   : No active profile set, falling back to 1 default profile: "default"
2023-06-17T04:28:22.079+02:00  INFO 11682 --- [main] .s.d.r.c.RepositoryConfigurationDelegate : Bootstrapping Spring Data JPA repositories in DEFAULT mode.
2023-06-17T04:28:22.108+02:00  INFO 11682 --- [main] .s.d.r.c.RepositoryConfigurationDelegate : Finished Spring Data repository scanning in 26 ms. Found 7 JPA repository interfaces.
2023-06-17T04:28:22.345+02:00  INFO 11682 --- [main] o.s.b.w.embedded.tomcat.TomcatWebServer  : Tomcat initialized with port(s): 8085 (http)
2023-06-17T04:28:22.348+02:00  INFO 11682 --- [main] o.apache.catalina.core.StandardService   : Starting service [Tomcat]
2023-06-17T04:28:22.348+02:00  INFO 11682 --- [main] o.apache.catalina.core.StandardEngine    : Starting Servlet engine: [Apache Tomcat/10.1.7]
2023-06-17T04:28:22.389+02:00  INFO 11682 --- [main] o.a.c.c.C.[Tomcat].[localhost].[/]       : Initializing Spring embedded WebApplicationContext
2023-06-17T04:28:22.389+02:00  INFO 11682 --- [main] w.s.c.ServletWebServerApplicationContext : Root WebApplicationContext: initialization completed in 522 ms
2023-06-17T04:28:22.421+02:00  INFO 11682 --- [main] com.zaxxer.hikari.HikariDataSource       : HikariPool-1 - Starting...
2023-06-17T04:28:22.546+02:00  INFO 11682 --- [main] com.zaxxer.hikari.pool.HikariPool        : HikariPool-1 - Added connection com.mysql.cj.jdbc.ConnectionImpl@31ab1e67
2023-06-17T04:28:22.547+02:00  INFO 11682 --- [main] com.zaxxer.hikari.HikariDataSource       : HikariPool-1 - Start completed.
2023-06-17T04:28:22.582+02:00  INFO 11682 --- [main] o.hibernate.jpa.internal.util.LogHelper  : HHH000204: Processing PersistenceUnitInfo [name: default]
2023-06-17T04:28:22.605+02:00  INFO 11682 --- [main] org.hibernate.Version                    : HHH000412: Hibernate ORM core version 6.1.7.Final
2023-06-17T04:28:22.724+02:00  INFO 11682 --- [main] SQL dialect                              : HHH000400: Using dialect: org.hibernate.dialect.MySQLDialect
2023-06-17T04:28:23.058+02:00  INFO 11682 --- [main] o.h.e.t.j.p.i.JtaPlatformInitiator       : HHH000490: Using JtaPlatform implementation: [org.hibernate.engine.transaction.jta.platform.internal.NoJtaPlatform]
2023-06-17T04:28:23.061+02:00  INFO 11682 --- [main] j.LocalContainerEntityManagerFactoryBean : Initialized JPA EntityManagerFactory for persistence unit 'default'
2023-06-17T04:28:23.414+02:00  WARN 11682 --- [main] JpaBaseConfiguration$JpaWebConfiguration : spring.jpa.open-in-view is enabled by default. Therefore, database queries may be performed during view rendering. Explicitly configure spring.jpa.open-in-view to disable this warning
2023-06-17T04:28:23.517+02:00  INFO 11682 --- [main] o.s.s.web.DefaultSecurityFilterChain     : Will secure any request with [org.springframework.security.web.session.DisableEncodeUrlFilter@60655642, org.springframework.security.web.context.request.async.WebAsyncManagerIntegrationFilter@5c7b504, org.springframework.security.web.context.SecurityContextHolderFilter@1e084a26, org.springframework.security.web.header.HeaderWriterFilter@492a220e, org.springframework.security.web.authentication.logout.LogoutFilter@1067192a, com.example.IBTim19.configuration.JWTAuthentificationFilter@9863ed5, org.springframework.security.web.savedrequest.RequestCacheAwareFilter@70ebaa1e, org.springframework.security.web.servletapi.SecurityContextHolderAwareRequestFilter@65dafe50, org.springframework.security.web.authentication.AnonymousAuthenticationFilter@772589ed, org.springframework.security.web.session.SessionManagementFilter@1237aa73, org.springframework.security.web.access.ExceptionTranslationFilter@70fcd3e5, org.springframework.security.web.access.intercept.AuthorizationFilter@48b744fd]
2023-06-17T04:28:23.661+02:00  INFO 11682 --- [main] o.s.b.w.embedded.tomcat.TomcatWebServer  : Tomcat started on port(s): 8085 (http) with context path ''
2023-06-17T04:28:23.664+02:00  INFO 11682 --- [main] com.example.IBTim19.IbTim19Application   : Started IbTim19Application in 1.943 seconds (process running for 2.33)
2023-06-17T04:29:01.882+02:00  INFO 11682 --- [http-nio-8085-exec-1] o.a.c.c.C.[Tomcat].[localhost].[/]       : Initializing Spring DispatcherServlet 'dispatcherServlet'
2023-06-17T04:29:01.882+02:00  INFO 11682 --- [http-nio-8085-exec-1] o.s.web.servlet.DispatcherServlet        : Initializing Servlet 'dispatcherServlet'
2023-06-17T04:29:01.883+02:00  INFO 11682 --- [http-nio-8085-exec-1] o.s.web.servlet.DispatcherServlet        : Completed initialization in 1 ms
2023-06-17T04:29:02.748+02:00  INFO 11682 --- [http-nio-8085-exec-1] c.e.IBTim19.configuration.LoggerConfig   : Entered endpoint: AuthenticationController.twoFactor(..) - Method: twoFactor - User: anonymousUser - Response: 200 OK
2023-06-17T04:29:22.433+02:00  INFO 11682 --- [http-nio-8085-exec-2] c.e.IBTim19.configuration.LoggerConfig   : Entered endpoint: AuthenticationController.login(..) - Method: login - User: anonymousUser - Response: 200 OK
2023-06-17T04:29:31.638+02:00  INFO 11682 --- [http-nio-8085-exec-3] c.e.IBTim19.configuration.LoggerConfig   : Entered endpoint: AuthenticationController.getVerificationCode(..) - Method: getVerificationCode - User: tamara@gmail.com - Response: 201 CREATED
2023-06-17T04:29:41.030+02:00  INFO 11682 --- [http-nio-8085-exec-5] c.e.IBTim19.configuration.LoggerConfig   : Entered endpoint: AuthenticationController.verifyPhoneNumber(..) - Method: verifyPhoneNumber - User: tamara@gmail.com - Response: 200 OK
2023-06-17T04:29:45.223+02:00  INFO 11682 --- [http-nio-8085-exec-7] c.e.IBTim19.configuration.LoggerConfig   : Entered endpoint: CertificateController.getAllCertificates() - Method: getAllCertificates - User: tamara@gmail.com - Response: Certificate(id=1, serialNumber=3902c56c34fe91aa,
2023-06-17T04:31:36.988+02:00  INFO 11682 --- [http-nio-8085-exec-9] c.e.IBTim19.configuration.LoggerConfig   : Entered endpoint: CertificateController.getAllCertificates() - Method: getAllCertificates - User: tamara@gmail.com - Response: Certificate(id=1, serialNumber=3902c56c34fe91aa,
2023-06-17T04:31:42.818+02:00  INFO 11682 --- [http-nio-8085-exec-10] c.e.IBTim19.configuration.LoggerConfig   : Entered endpoint: CertificateController.getAllCertificates() - Method: getAllCertificates - User: tamara@gmail.com - Response: Certificate(id=1, serialNumber=3902c56c34fe91aa,
2023-06-17T04:32:03.915+02:00  INFO 11682 --- [http-nio-8085-exec-1] c.e.IBTim19.configuration.LoggerConfig   : Entered endpoint: CertificateController.getAllCertificates() - Method: getAllCertificates - User: tamara@gmail.com - Response: Certificate(id=1, serialNumber=3902c56c34fe91aa,
2023-06-17T04:32:47.707+02:00  INFO 11682 --- [http-nio-8085-exec-4] c.e.IBTim19.configuration.LoggerConfig   : Entered endpoint: AuthenticationController.twoFactor(..) - Method: twoFactor - User: anonymousUser - Response: 200 OK
2023-06-17T04:33:05.931+02:00  INFO 11682 --- [http-nio-8085-exec-6] c.e.IBTim19.configuration.LoggerConfig   : Entered endpoint: AuthenticationController.login(..) - Method: login - User: anonymousUser - Response: 400 BAD_REQUEST
2023-06-17T04:33:30.904+02:00  INFO 11682 --- [http-nio-8085-exec-7] c.e.IBTim19.configuration.LoggerConfig   : Entered endpoint: AuthenticationController.login(..) - Method: login - User: anonymousUser - Response: 200 OK
2023-06-17T04:33:36.052+02:00  INFO 11682 --- [http-nio-8085-exec-9] c.e.IBTim19.configuration.LoggerConfig   : Entered endpoint: CertificateController.getAllCertificates() - Method: getAllCertificates - User: anita@gmail.com - Response: Certificate(id=1, serialNumber=3902c56c34fe91aa,
2023-06-17T04:33:37.830+02:00  INFO 11682 --- [http-nio-8085-exec-10] c.e.IBTim19.configuration.LoggerConfig   : Entered endpoint: CertificateController.getAllCertificates() - Method: getAllCertificates - User: anita@gmail.com - Response: Certificate(id=1, serialNumber=3902c56c34fe91aa,
2023-06-17T04:33:56.857+02:00  INFO 11682 --- [http-nio-8085-exec-2] c.e.IBTim19.configuration.LoggerConfig   : Entered endpoint: RequestController.createRequest(..) - Method: createRequest - User: anita@gmail.com - Response: 201 CREATED
2023-06-17T04:34:34.732+02:00  INFO 11682 --- [http-nio-8085-exec-4] c.e.IBTim19.configuration.LoggerConfig   : Entered endpoint: AuthenticationController.twoFactor(..) - Method: twoFactor - User: anonymousUser - Response: 200 OK
2023-06-17T04:34:45.914+02:00  INFO 11682 --- [http-nio-8085-exec-6] c.e.IBTim19.configuration.LoggerConfig   : Entered endpoint: AuthenticationController.login(..) - Method: login - User: anonymousUser - Response: 200 OK
2023-06-17T04:34:49.303+02:00  INFO 11682 --- [http-nio-8085-exec-8] c.e.IBTim19.configuration.LoggerConfig   : Entered endpoint: RequestController.getAllRequests() - Method: getAllRequests - User: tamara@gmail.com - Response: 200 OK
2023-06-17T04:34:50.763+02:00  INFO 11682 --- [http-nio-8085-exec-10] c.e.IBTim19.configuration.LoggerConfig   : Entered endpoint: RequestController.getPendingRequests(..) - Method: getPendingRequests - User: tamara@gmail.com - Response: 200 OK
2023-06-17T04:34:58.297+02:00  INFO 11682 --- [http-nio-8085-exec-2] c.e.IBTim19.configuration.LoggerConfig   : Entered endpoint: RequestController.acceptRequest(..) - Method: acceptRequest - User: tamara@gmail.com - Response: 200 OK
2023-06-17T04:34:58.412+02:00  INFO 11682 --- [http-nio-8085-exec-4] c.e.IBTim19.configuration.LoggerConfig   : Entered endpoint: RequestController.getAllRequests() - Method: getAllRequests - User: tamara@gmail.com - Response: 200 OK
2023-06-17T04:35:48.465+02:00  INFO 11682 --- [http-nio-8085-exec-6] c.e.IBTim19.configuration.LoggerConfig   : Entered endpoint: CertificateController.getAllCertificates() - Method: getAllCertificates - User: tamara@gmail.com - Response: Certificate(id=1, serialNumber=3902c56c34fe91aa,
2023-06-17T04:36:25.050+02:00  INFO 11682 --- [http-nio-8085-exec-8] c.e.IBTim19.configuration.LoggerConfig   : Entered endpoint: RequestController.createRequest(..) - Method: createRequest - User: tamara@gmail.com - Response: 201 CREATED
2023-06-17T04:36:44.756+02:00  INFO 11682 --- [http-nio-8085-exec-9] c.e.IBTim19.configuration.LoggerConfig   : Entered endpoint: CertificateController.getAllCertificates() - Method: getAllCertificates - User: anita@gmail.com - Response: Certificate(id=1, serialNumber=3902c56c34fe91aa,
2023-06-17T04:37:10.821+02:00  INFO 11682 --- [http-nio-8085-exec-10] c.e.IBTim19.configuration.LoggerConfig   : Entered endpoint: RequestController.createRequest(..) - Method: createRequest - User: anita@gmail.com - Response: 201 CREATED
2023-06-17T04:37:22.387+02:00  INFO 11682 --- [http-nio-8085-exec-3] c.e.IBTim19.configuration.LoggerConfig   : Entered endpoint: CertificateController.getAllCertificates() - Method: getAllCertificates - User: anita@gmail.com - Response: Certificate(id=1, serialNumber=3902c56c34fe91aa,
2023-06-17T04:37:42.262+02:00  INFO 11682 --- [http-nio-8085-exec-2] c.e.IBTim19.configuration.LoggerConfig   : Entered endpoint: RequestController.createRequest(..) - Method: createRequest - User: anita@gmail.com - Response: 400 BAD_REQUEST
2023-06-17T04:37:46.317+02:00  INFO 11682 --- [http-nio-8085-exec-4] c.e.IBTim19.configuration.LoggerConfig   : Entered endpoint: CertificateController.getAllCertificates() - Method: getAllCertificates - User: anita@gmail.com - Response: Certificate(id=1, serialNumber=3902c56c34fe91aa,
2023-06-17T04:38:12.207+02:00  INFO 11682 --- [http-nio-8085-exec-5] c.e.IBTim19.configuration.LoggerConfig   : Entered endpoint: RequestController.createRequest(..) - Method: createRequest - User: anita@gmail.com - Response: 201 CREATED
2023-06-17T04:38:27.919+02:00  INFO 11682 --- [http-nio-8085-exec-6] c.e.IBTim19.configuration.LoggerConfig   : Entered endpoint: AuthenticationController.twoFactor(..) - Method: twoFactor - User: anonymousUser - Response: 200 OK
2023-06-17T04:38:45.117+02:00  INFO 11682 --- [http-nio-8085-exec-7] c.e.IBTim19.configuration.LoggerConfig   : Entered endpoint: AuthenticationController.login(..) - Method: login - User: anonymousUser - Response: 200 OK
2023-06-17T04:38:47.979+02:00  INFO 11682 --- [http-nio-8085-exec-8] c.e.IBTim19.configuration.LoggerConfig   : Entered endpoint: CertificateController.getAllCertificates() - Method: getAllCertificates - User: aleksandra@gmail.com - Response: Certificate(id=1, serialNumber=3902c56c34fe91aa,
2023-06-17T04:39:05.293+02:00  INFO 11682 --- [http-nio-8085-exec-9] c.e.IBTim19.configuration.LoggerConfig   : Entered endpoint: RequestController.createRequest(..) - Method: createRequest - User: aleksandra@gmail.com - Response: 201 CREATED
2023-06-17T04:39:08.490+02:00  INFO 11682 --- [http-nio-8085-exec-10] c.e.IBTim19.configuration.LoggerConfig   : Entered endpoint: CertificateController.getAllCertificates() - Method: getAllCertificates - User: aleksandra@gmail.com - Response: Certificate(id=1, serialNumber=3902c56c34fe91aa,
2023-06-17T04:39:42.714+02:00  INFO 11682 --- [http-nio-8085-exec-1] c.e.IBTim19.configuration.LoggerConfig   : Entered endpoint: RequestController.createRequest(..) - Method: createRequest - User: aleksandra@gmail.com - Response: 201 CREATED
2023-06-17T04:39:50.627+02:00  INFO 11682 --- [http-nio-8085-exec-2] c.e.IBTim19.configuration.LoggerConfig   : Entered endpoint: RequestController.getAllRequests() - Method: getAllRequests - User: aleksandra@gmail.com - Response: 200 OK
2023-06-17T04:39:56.968+02:00  INFO 11682 --- [http-nio-8085-exec-5] c.e.IBTim19.configuration.LoggerConfig   : Entered endpoint: RequestController.getUserRequests(..) - Method: getUserRequests - User: aleksandra@gmail.com - Response: 200 OK
2023-06-17T04:40:20.617+02:00  INFO 11682 --- [http-nio-8085-exec-6] c.e.IBTim19.configuration.LoggerConfig   : Entered endpoint: RequestController.getAllRequests() - Method: getAllRequests - User: tamara@gmail.com - Response: 200 OK
2023-06-17T04:40:21.977+02:00  INFO 11682 --- [http-nio-8085-exec-7] c.e.IBTim19.configuration.LoggerConfig   : Entered endpoint: RequestController.getPendingRequests(..) - Method: getPendingRequests - User: tamara@gmail.com - Response: 200 OK
2023-06-17T04:40:54.779+02:00  INFO 11682 --- [http-nio-8085-exec-9] c.e.IBTim19.configuration.LoggerConfig   : Entered endpoint: CertificateController.getAllCertificates() - Method: getAllCertificates - User: tamara@gmail.com - Response: Certificate(id=1, serialNumber=3902c56c34fe91aa,
2023-06-17T04:41:27.420+02:00  INFO 11682 --- [http-nio-8085-exec-1] c.e.IBTim19.configuration.LoggerConfig   : Entered endpoint: RequestController.createRequest(..) - Method: createRequest - User: tamara@gmail.com - Response: 201 CREATED
2023-06-17T04:41:30.877+02:00  INFO 11682 --- [http-nio-8085-exec-3] c.e.IBTim19.configuration.LoggerConfig   : Entered endpoint: CertificateController.getAllCertificates() - Method: getAllCertificates - User: tamara@gmail.com - Response: Certificate(id=1, serialNumber=3902c56c34fe91aa,
2023-06-17T04:42:23.391+02:00  INFO 11682 --- [http-nio-8085-exec-2] c.e.IBTim19.configuration.LoggerConfig   : Entered endpoint: RequestController.createRequest(..) - Method: createRequest - User: tamara@gmail.com - Response: 201 CREATED
2023-06-17T04:42:30.599+02:00  INFO 11682 --- [http-nio-8085-exec-4] c.e.IBTim19.configuration.LoggerConfig   : Entered endpoint: CertificateController.getAllCertificates() - Method: getAllCertificates - User: tamara@gmail.com - Response: Certificate(id=1, serialNumber=3902c56c34fe91aa,
2023-06-17T04:42:58.736+02:00  INFO 11682 --- [http-nio-8085-exec-5] c.e.IBTim19.configuration.LoggerConfig   : Entered endpoint: RequestController.createRequest(..) - Method: createRequest - User: tamara@gmail.com - Response: 400 BAD_REQUEST
2023-06-17T04:43:03.678+02:00  INFO 11682 --- [http-nio-8085-exec-6] c.e.IBTim19.configuration.LoggerConfig   : Entered endpoint: CertificateController.getAllCertificates() - Method: getAllCertificates - User: tamara@gmail.com - Response: Certificate(id=1, serialNumber=3902c56c34fe91aa,
2023-06-17T04:43:20.357+02:00  INFO 11682 --- [http-nio-8085-exec-7] c.e.IBTim19.configuration.LoggerConfig   : Entered endpoint: RequestController.createRequest(..) - Method: createRequest - User: tamara@gmail.com - Response: 400 BAD_REQUEST
2023-06-17T04:43:23.761+02:00  INFO 11682 --- [http-nio-8085-exec-8] c.e.IBTim19.configuration.LoggerConfig   : Entered endpoint: CertificateController.getAllCertificates() - Method: getAllCertificates - User: tamara@gmail.com - Response: Certificate(id=1, serialNumber=3902c56c34fe91aa,
2023-06-17T04:43:38.526+02:00  INFO 11682 --- [http-nio-8085-exec-9] c.e.IBTim19.configuration.LoggerConfig   : Entered endpoint: RequestController.createRequest(..) - Method: createRequest - User: tamara@gmail.com - Response: 400 BAD_REQUEST
2023-06-17T04:46:12.630+02:00  INFO 11682 --- [http-nio-8085-exec-10] c.e.IBTim19.configuration.LoggerConfig   : Entered endpoint: RequestController.getAllRequests() - Method: getAllRequests - User: aleksandra@gmail.com - Response: 200 OK
2023-06-17T04:46:24.704+02:00  INFO 11682 --- [http-nio-8085-exec-1] c.e.IBTim19.configuration.LoggerConfig   : Entered endpoint: RequestController.getAllRequests() - Method: getAllRequests - User: aleksandra@gmail.com - Response: 200 OK
2023-06-17T04:46:30.671+02:00  INFO 11682 --- [http-nio-8085-exec-3] c.e.IBTim19.configuration.LoggerConfig   : Entered endpoint: CertificateController.getAllCertificates() - Method: getAllCertificates - User: tamara@gmail.com - Response: Certificate(id=1, serialNumber=3902c56c34fe91aa,
2023-06-17T04:47:17.295+02:00  INFO 11682 --- [http-nio-8085-exec-4] c.e.IBTim19.configuration.LoggerConfig   : Entered endpoint: RequestController.createRequest(..) - Method: createRequest - User: tamara@gmail.com - Response: 201 CREATED
2023-06-17T04:47:21.301+02:00  INFO 11682 --- [http-nio-8085-exec-5] c.e.IBTim19.configuration.LoggerConfig   : Entered endpoint: CertificateController.getAllCertificates() - Method: getAllCertificates - User: tamara@gmail.com - Response: Certificate(id=1, serialNumber=3902c56c34fe91aa,
2023-06-17T04:47:29.769+02:00  INFO 11682 --- [http-nio-8085-exec-8] c.e.IBTim19.configuration.LoggerConfig   : Entered endpoint: CertificateController.redrawCertificate(..) - Method: redrawCertificate - User: tamara@gmail.com - Response: 200 OK
2023-06-17T04:47:33.097+02:00  INFO 11682 --- [http-nio-8085-exec-10] c.e.IBTim19.configuration.LoggerConfig   : Entered endpoint: CertificateController.downloadCertificate(..) - Method: downloadCertificate - User: tamara@gmail.com - Response: 200 OK
2023-06-17T04:47:56.109+02:00  INFO 11682 --- [http-nio-8085-exec-1] c.e.IBTim19.configuration.LoggerConfig   : Entered endpoint: CertificateController.getAllCertificates() - Method: getAllCertificates - User: tamara@gmail.com - Response: Certificate(id=1, serialNumber=3902c56c34fe91aa,
2023-06-17T04:47:58.980+02:00  INFO 11682 --- [http-nio-8085-exec-3] c.e.IBTim19.configuration.LoggerConfig   : Entered endpoint: CertificateController.downloadCertificate(..) - Method: downloadCertificate - User: tamara@gmail.com - Response: 200 OK
2023-06-17T04:48:15.877+02:00  INFO 11682 --- [SpringApplicationShutdownHook] j.LocalContainerEntityManagerFactoryBean : Closing JPA EntityManagerFactory for persistence unit 'default'
2023-06-17T04:48:15.879+02:00  INFO 11682 --- [SpringApplicationShutdownHook] com.zaxxer.hikari.HikariDataSource       : HikariPool-1 - Shutdown initiated...
2023-06-17T04:48:15.882+02:00  INFO 11682 --- [SpringApplicationShutdownHook] com.zaxxer.hikari.HikariDataSource       : HikariPool-1 - Shutdown completed.
